<?xml version="1.0" encoding="UTF-8"?>
<!-- Generated by org.testng.reporters.JUnitXMLReporter -->
<testsuite ignored="0" hostname="LAPTOP-F6AKP4LO" failures="1" tests="1" name="Default test" time="18.197" errors="0" timestamp="2026-02-19T11:29:00 IST">
  <testcase classname="io.cucumber.testng.AbstractTestNGCucumberTests" name="runScenario" time="17.682">
    <failure type="java.lang.AssertionError" message="expected [WordPress.org] but found [Blog Tool, Publishing Platform, and CMS – WordPress.org]">
      <![CDATA[java.lang.AssertionError: expected [WordPress.org] but found [Blog Tool, Publishing Platform, and CMS – WordPress.org]
at org.testng.Assert.fail(Assert.java:111)
at org.testng.Assert.failNotEquals(Assert.java:1590)
at org.testng.Assert.assertEqualsImpl(Assert.java:150)
at org.testng.Assert.assertEquals(Assert.java:132)
at org.testng.Assert.assertEquals(Assert.java:656)
at org.testng.Assert.assertEquals(Assert.java:666)
at stepdefinitions.WordPressSteps.verifyTitle(WordPressSteps.java:23)
at ✽.verify page title(file:///C:/CapstoneProject/src/test/resources/features/wordpress.feature:5)
]]>
    </failure>
  </testcase> <!-- runScenario -->
</testsuite> <!-- Default test -->
