<?xml version="1.0" encoding="UTF-8"?>
<testng-results ignored="0" total="1" passed="1" failed="0" skipped="0">
  <reporter-output>
  </reporter-output>
  <suite started-at="2026-02-19T12:56:54 IST" name="Capstone Suite" finished-at="2026-02-19T12:57:17 IST" duration-ms="22820">
    <groups>
      <group name="cucumber">
        <method signature="AbstractTestNGCucumberTests.runScenario(io.cucumber.testng.PickleWrapper,io.cucumber.testng.FeatureWrapper)[pri:0, instance:runners.TestRunner@7770f470]" name="runScenario" class="io.cucumber.testng.AbstractTestNGCucumberTests"/>
      </group> <!-- cucumber -->
    </groups>
    <test started-at="2026-02-19T12:56:54 IST" name="WordPress Test" finished-at="2026-02-19T12:57:17 IST" duration-ms="22820">
      <class name="runners.TestRunner">
        <test-method is-config="true" signature="setUpClass(org.testng.ITestContext)[pri:0, instance:runners.TestRunner@7770f470]" started-at="2026-02-19T12:56:54 IST" name="setUpClass" finished-at="2026-02-19T12:56:55 IST" duration-ms="420" status="PASS">
          <params>
            <param index="0">
              <value>
                <![CDATA[org.testng.TestRunner@5c77ba8f]]>
              </value>
            </param>
          </params>
          <reporter-output>
          </reporter-output>
        </test-method> <!-- setUpClass -->
        <test-method signature="runScenario(io.cucumber.testng.PickleWrapper,io.cucumber.testng.FeatureWrapper)[pri:0, instance:runners.TestRunner@7770f470]" started-at="2026-02-19T12:56:55 IST" name="runScenario" description="Runs Cucumber Scenarios" data-provider="scenarios" finished-at="2026-02-19T12:57:17 IST" duration-ms="22335" status="PASS">
          <params>
            <param index="0">
              <value>
                <![CDATA["Verify WordPress site functionality"]]>
              </value>
            </param>
            <param index="1">
              <value>
                <![CDATA["WordPress Mini Project"]]>
              </value>
            </param>
          </params>
          <reporter-output>
          </reporter-output>
        </test-method> <!-- runScenario -->
        <test-method is-config="true" signature="tearDownClass()[pri:0, instance:runners.TestRunner@7770f470]" started-at="2026-02-19T12:57:17 IST" name="tearDownClass" finished-at="2026-02-19T12:57:17 IST" duration-ms="23" status="PASS">
          <reporter-output>
          </reporter-output>
        </test-method> <!-- tearDownClass -->
      </class> <!-- runners.TestRunner -->
    </test> <!-- WordPress Test -->
  </suite> <!-- Capstone Suite -->
</testng-results>
